2023-03-01T14:08:07.575Z [store-api] error: POST  - Nome, CPF, Phone, Email e Address são obrigatorios
2023-03-01T14:59:04.533Z [store-api] info: POST /client - {"name":"João","cpf":"24565234895","phone":"2135689542","email":"joao@gmail.com","address":"Rua X, n 100"}
2023-03-01T15:13:57.857Z [store-api] info: POST /client - {"name":"João","cpf":"24565234895","phone":"2135689542","email":"joao@gmail.com","address":"Rua X, n 100"}
2023-03-01T15:16:24.809Z [store-api] error: POST  - values is not defined
2023-03-01T15:17:18.376Z [store-api] info: POST /client - {"name":"João","cpf":"24565234895","phone":"2135689542","email":"joao@gmail.com","address":"Rua X, n 100"}
2023-03-01T15:24:09.209Z [store-api] info: POST /client - {"name":"João","cpf":"24565234895","phone":"2135689542","email":"joao@gmail.com","address":"Rua X, n 100"}
2023-03-01T15:24:37.478Z [store-api] error: POST  - aaaa
2023-03-01T15:34:42.160Z [store-api] error: GET  - ClientService.getClients is not a function
2023-03-01T15:35:18.218Z [store-api] info: GET /client
2023-03-01T19:32:30.245Z [store-api] info: PUT /client - {"client_id":3,"name":"João","cpf":"24565234895","phone":"2135689542","email":"joao@gmail.com","address":"Rua X, n 100"}
2023-03-01T19:40:38.517Z [store-api] error: GET  - relation "client" does not exist
2023-03-01T19:40:53.720Z [store-api] error: GET  - relation "client" does not exist
2023-03-01T19:45:41.960Z [store-api] error: GET  - relation "client" does not exist
2023-03-01T19:45:49.656Z [store-api] info: GET /client
2023-03-01T19:45:55.621Z [store-api] error: GET  - relation "client" does not exist
2023-03-01T19:46:22.705Z [store-api] error: GET  - relation "client" does not exist
2023-03-01T19:50:07.771Z [store-api] error: GET  - relation "client" does not exist
2023-03-01T19:58:23.290Z [store-api] error: DELETE  - relation "client" does not exist
2023-03-01T19:58:35.714Z [store-api] error: DELETE  - relation "client" does not exist
2023-03-01T20:04:38.737Z [store-api] error: DELETE  - relation "client" does not exist
2023-03-01T20:06:57.486Z [store-api] info: GET /client/:id
2023-03-01T20:08:18.563Z [store-api] info: DELETE /client/:id
2023-03-01T20:41:08.662Z [store-api] info: POST /client - {"client_id":5,"name":"E Eletronicos","cpf":"2457234895","phone":"21352525542","email":"eeletronicos@gmail.com","address":"Rua ABC, n 2"}
2023-03-01T20:42:00.870Z [store-api] info: POST /supplier - {"supplier_id":1,"name":"E Eletronicos","cnpj":"2457234895","phone":"21352525542","email":"eeletronicos@gmail.com","address":"Rua ABC, n 2"}
2023-03-01T20:42:10.300Z [store-api] info: GET /client
2023-03-01T20:42:18.946Z [store-api] info: DELETE /client/:id
2023-03-01T20:47:24.820Z [store-api] info: PUT /supplier - {"supplier_id":1,"name":"E Eletronicos Ltda","cnpj":"2457234895","phone":"21352525542","email":"eeletronicos@gmail.com","address":"Rua ABC, n 2"}
2023-03-01T20:47:49.002Z [store-api] info: GET /supplier
2023-03-01T20:47:57.759Z [store-api] info: GET /supplier/:id
2023-03-01T20:48:06.884Z [store-api] info: POST /supplier - {"supplier_id":2,"name":"E Eletronicos","cnpj":"2457234895","phone":"21352525542","email":"eeletronicos@gmail.com","address":"Rua ABC, n 2"}
2023-03-01T20:48:07.885Z [store-api] info: POST /supplier - {"supplier_id":3,"name":"E Eletronicos","cnpj":"2457234895","phone":"21352525542","email":"eeletronicos@gmail.com","address":"Rua ABC, n 2"}
2023-03-01T20:48:12.049Z [store-api] info: DELETE /supplier/:id
2023-03-01T21:44:26.056Z [store-api] info: POST /product - {"product_id":1,"supplier_id":1,"name":"Notebook Acer","description":"Notebook Acer i7 16gb ram ssd500","value":"5000","stock":100}
2023-03-01T21:50:57.091Z [store-api] info: POST /product - {"product_id":2,"supplier_id":1,"name":"Notebook Acer","description":"Notebook Acer i7 16gb ram ssd500","value":"5000","stock":100}
2023-03-01T21:52:00.015Z [store-api] error: PUT  - Product ID, nome, description, value, stock e supplier_id são obrigatorios
2023-03-01T21:52:25.584Z [store-api] info: PUT /product - {"product_id":1,"supplier_id":1,"name":"Notebook Acer Nitro 5","description":"Notebook Acer i7 16gb ram ssd500","value":"5000","stock":100}
2023-03-01T21:52:33.592Z [store-api] info: GET /product
2023-03-01T21:52:38.422Z [store-api] info: GET /product/:id
2023-03-01T21:52:41.443Z [store-api] info: DELETE /product/:id
2023-03-01T21:52:47.070Z [store-api] info: GET /product
2023-03-02T13:03:27.000Z [store-api] error: POST  - insert or update on table "products" violates foreign key constraint "fk_suppliers"
2023-03-02T13:12:52.744Z [store-api] error: POST  - O supplier_id informado não existe
2023-03-02T16:31:38.564Z [store-api] error: POST  - insert or update on table "sales" violates foreign key constraint "fk_clients"
2023-03-02T16:32:18.348Z [store-api] info: POST /sale - {"sale_id":2,"client_id":2,"product_id":1,"value":"3500","date":"2000-01-01T02:00:00.000Z"}
2023-03-02T16:33:58.688Z [store-api] error: PUT  - insert or update on table "sales" violates foreign key constraint "fk_clients"
2023-03-02T16:34:11.298Z [store-api] info: PUT /sale - {"sale_id":2,"client_id":2,"product_id":1,"value":"4000","date":"2000-01-01T02:00:00.000Z"}
2023-03-02T16:34:24.687Z [store-api] info: POST /sale - {"sale_id":3,"client_id":2,"product_id":1,"value":"3500","date":"2000-01-01T02:00:00.000Z"}
2023-03-02T16:34:32.056Z [store-api] info: GET /sale/:id
2023-03-02T16:34:37.044Z [store-api] info: DELETE /sale/:id
2023-03-02T16:34:39.779Z [store-api] info: GET /sale
2023-03-02T16:49:28.803Z [store-api] error: POST  - O product_id informado não existe
2023-03-02T16:49:37.073Z [store-api] error: POST  - O client_id informado não existe
2023-03-02T16:57:09.518Z [store-api] error: POST  - Assignment to constant variable.
2023-03-02T16:57:41.498Z [store-api] error: POST  - Assignment to constant variable.
2023-03-02T16:58:11.864Z [store-api] error: POST  - O client_id informado não existe 
2023-03-02T16:58:16.121Z [store-api] error: POST  - O client_id informado não existe O product_id informado não existe
2023-03-02T16:58:35.583Z [store-api] error: POST  - O client_id informado não existe. O product_id informado não existe.
2023-03-02T17:10:42.765Z [store-api] info: GET /product
2023-03-02T17:11:35.782Z [store-api] error: POST  - Cannot access 'sale' before initialization
2023-03-02T17:12:22.474Z [store-api] error: POST  - Cannot access 'sale' before initialization
2023-03-02T17:13:10.375Z [store-api] info: POST /sale - {"sale_id":4,"client_id":2,"product_id":1,"value":"3500","date":"2000-01-01T02:00:00.000Z"}
2023-03-02T17:13:23.334Z [store-api] info: GET /product/:id
2023-03-02T17:14:26.816Z [store-api] info: POST /product - {"product_id":4,"supplier_id":1,"name":"Mouse Dell","description":"Mouse Dell WiFi","value":"50","stock":2}
2023-03-02T17:15:33.444Z [store-api] info: GET /product
2023-03-02T17:15:56.683Z [store-api] info: POST /sale - {"sale_id":5,"client_id":2,"product_id":4,"value":"50","date":"2000-01-01T02:00:00.000Z"}
2023-03-02T17:16:08.867Z [store-api] info: GET /product/:id
2023-03-02T17:16:28.495Z [store-api] info: POST /sale - {"sale_id":6,"client_id":2,"product_id":4,"value":"50","date":"2000-01-01T02:00:00.000Z"}
2023-03-02T17:16:29.751Z [store-api] error: POST  - O produto informado não possui no estoque. 
2023-03-02T17:23:04.634Z [store-api] info: GET /sale
2023-03-02T17:23:12.648Z [store-api] error: DELETE  - O ID da sale informado não existe
2023-03-02T17:23:24.912Z [store-api] info: GET /product/:id
2023-03-02T17:23:29.678Z [store-api] info: DELETE /sale/:id
2023-03-02T17:23:32.797Z [store-api] info: GET /product/:id
2023-03-02T17:27:07.100Z [store-api] info: GET /sale
2023-03-02T17:29:00.341Z [store-api] info: PUT /sale - {"sale_id":5,"client_id":2,"product_id":4,"value":"50","date":"2000-01-01T02:00:00.000Z"}
2023-03-02T17:29:12.287Z [store-api] info: PUT /sale - {"sale_id":5,"client_id":2,"product_id":4,"value":"55","date":"2000-01-01T02:00:00.000Z"}
2023-03-02T17:40:37.963Z [store-api] info: GET /sale
2023-03-02T17:41:07.254Z [store-api] info: GET /sale
2023-03-02T17:41:49.077Z [store-api] info: GET /sale
2023-03-07T14:43:10.434Z [store-api] error: GET  - column "created_at" does not exist
2023-03-07T14:51:01.240Z [store-api] error: GET  - column "created_at" does not exist
2023-03-07T14:51:23.853Z [store-api] info: GET /client
2023-03-07T14:52:49.779Z [store-api] info: GET /client/:id
2023-03-07T14:53:04.369Z [store-api] info: POST /client - {"clientId":6,"name":"João","cpf":"24565234895","phone":"2135689542","email":"joao@gmail.com","address":"Rua X, n 100"}
2023-03-07T14:53:24.483Z [store-api] error: PUT  - Client ID, nome, CPF, Phone, Email e Address são obrigatorios
2023-03-07T14:54:35.427Z [store-api] info: PUT /client - {"clientId":6,"name":"João","cpf":"24565234895","phone":"2135689542","email":"joao@gmail.com","address":"Rua X, n 100"}
2023-03-07T14:55:04.253Z [store-api] info: DELETE /client/:id
2023-03-07T14:55:10.733Z [store-api] info: GET /client/:id
2023-03-07T14:55:16.239Z [store-api] info: GET /client/:id
2023-03-07T14:55:23.553Z [store-api] info: GET /client
2023-03-07T20:41:03.582Z [store-api] error: GET  - SaleRepository.getSalesByProductId is not a function
2023-03-07T20:41:48.323Z [store-api] error: GET  - SaleRepository.getSalesByProductId is not a function
2023-03-07T20:43:07.279Z [store-api] error: GET  - connect ETIMEDOUT 18.233.60.63:5432
2023-03-07T20:43:22.441Z [store-api] error: GET  - SaleRepository.getSalesByProductId is not a function
2023-03-07T20:44:03.999Z [store-api] error: GET  - Sale.findFindAll is not a function
2023-03-07T20:45:34.922Z [store-api] error: GET  - column "product_product_id" does not exist
2023-03-07T20:46:46.057Z [store-api] error: GET  - column sales.product_product_id does not exist
2023-03-07T20:54:02.301Z [store-api] error: GET  - column sales.product_product_id does not exist
2023-03-07T20:54:24.359Z [store-api] error: GET  - column "product_product_id" does not exist
2023-03-07T20:58:20.877Z [store-api] error: GET  - column sales.product_product_id does not exist
2023-03-07T20:58:33.828Z [store-api] error: GET  - column sales.product_product_id does not exist
2023-03-07T21:05:15.849Z [store-api] error: GET  - column "product_product_id" does not exist
2023-03-09T14:48:17.771Z [store-api] info: GET /product
2023-03-09T14:51:38.277Z [store-api] info: POST /product/info - {"productId":1,"category":"Mouse","width":"15cm","height":"20cm","depth":"5cm","reviews":[],"_id":"6409f27a7fe43fdf5ec695ef"}
2023-03-09T15:04:08.311Z [store-api] info: PUT /product/info - {"productId":1,"category":"Mouse Sem Fio","width":"15cm","height":"20cm","depth":"5cm","reviews":[]}
2023-03-09T15:33:00.778Z [store-api] error: GET  - productId is not defined
2023-03-09T15:36:12.938Z [store-api] error: GET  - productId is not defined
2023-03-09T15:36:38.316Z [store-api] error: GET  - productId is not defined
2023-03-09T15:37:55.975Z [store-api] info: GET /product
2023-03-09T15:40:14.372Z [store-api] info: GET /product
2023-03-09T15:47:26.264Z [store-api] error: GET  - productId is not defined
2023-03-09T15:50:10.632Z [store-api] error: GET  - productId is not defined
2023-03-09T15:51:12.315Z [store-api] error: GET  - productId is not defined
2023-03-09T15:53:15.779Z [store-api] error: GET  - productId is not defined
2023-03-09T15:54:35.978Z [store-api] error: GET  - productId is not defined
2023-03-09T16:24:49.412Z [store-api] info: GET /product/:id
2023-03-09T16:34:33.674Z [store-api] info: GET /product/:id
2023-03-09T16:57:30.234Z [store-api] error: POST  - client is not defined
2023-03-09T16:58:29.875Z [store-api] error: POST  - Cannot read properties of null (reading 'reviews')
2023-03-09T16:59:13.445Z [store-api] info: GET /product
2023-03-09T17:02:19.360Z [store-api] error: POST  - Product ID and Review not specified
2023-03-09T17:02:43.944Z [store-api] error: POST  - Cannot read properties of null (reading 'reviews')
2023-03-09T17:09:10.594Z [store-api] error: POST  - Product ID and Review not specified
2023-03-09T17:11:16.270Z [store-api] error: POST  - Cannot read properties of null (reading 'reviews')
2023-03-09T17:14:13.590Z [store-api] info: POST /product/review - {"productId":1,"review":{"name":"João Silva","description":"teste teste teste"}}
2023-03-09T17:14:38.555Z [store-api] info: GET /product/:id
2023-03-09T17:15:12.252Z [store-api] info: POST /product/review - {"productId":1,"review":{"name":"João Silva 2","description":"teste teste teste 2"}}
2023-03-09T17:24:41.106Z [store-api] error: DELETE  - Cannot read properties of null (reading 'reviews')
2023-03-09T17:25:40.308Z [store-api] error: DELETE  - Cannot read properties of null (reading 'reviews')
2023-03-09T17:29:03.275Z [store-api] info: DELETE /product/review - Produto: "1" | Review: "0"
2023-03-09T17:47:42.012Z [store-api] info: GET /product/info
2023-03-09T17:54:57.921Z [store-api] info: GET /product
2023-03-09T17:55:29.516Z [store-api] info: POST /product/info - {"productId":4,"category":"Mouse","width":"15cm","height":"20cm","depth":"5cm","reviews":[],"_id":"640a1d9175ffa2aba9fd538f"}
2023-03-09T17:56:07.851Z [store-api] info: DELETE /product/info
2023-03-09T17:56:59.353Z [store-api] info: DELETE /product/info
2023-03-09T21:09:59.868Z [store-api] info: PUT /product/info - {"productId":1,"category":"Mouse Sem Fio 2","width":"15cm","height":"20cm","depth":"5cm","reviews":[]}
